<?xml version="1.0" encoding="UTF-8"?>
<!-- Generated by org.testng.reporters.JUnitXMLReporter -->
<testsuite ignored="0" hostname="DESKTOP-7BM582H" failures="0" tests="9" name="Default test" time="82.297" errors="0" timestamp="22 Oct 2018 09:30:28 GMT">
  <testcase classname="com.att.testcases.HomeTest" name="verifyChickOnNewIconAndChildWindowTitle" time="4.485"/>
  <testcase classname="com.att.testcases.HomeTest" name="verifyClickOnNewIcon" time="2.381"/>
  <testcase classname="com.att.testcases.HomeTest" name="verifyProfileName" time="3.612"/>
  <testcase classname="com.att.testcases.HomeTest" name="verifyReportTab" time="3.588"/>
  <testcase classname="com.att.testcases.HomeTest" name="verifySelectSettingsBillingTypesMenu" time="3.462"/>
  <testcase classname="com.att.testcases.HomeTest" name="verifySelectSettingsLeaveTypesMenu" time="1.536"/>
  <testcase classname="com.att.testcases.HomeTest" name="verifySelectSettingsLicensesMenu" time="3.324"/>
  <testcase classname="com.att.testcases.HomeTest" name="verifySelectSettingsLogoAndColorSchemeMenu" time="3.065"/>
  <testcase classname="com.att.testcases.HomeTest" name="verifyTaskTabClick" time="4.262"/>
</testsuite> <!-- Default test -->
