<?xml version="1.0" encoding="UTF-8"?>
<!-- Generated by org.testng.reporters.JUnitXMLReporter -->
<testsuite ignored="0" hostname="DESKTOP-7BM582H" failures="0" tests="18" name="Default test" time="271.617" errors="0" timestamp="23 Oct 2018 11:09:16 GMT">
  <testcase classname="com.att.testcases.CreateNewTasksTest" name="verifyClearRow" time="1.002"/>
  <testcase classname="com.att.testcases.CreateNewTasksTest" name="verifyCreateNewTasksPageName" time="0.047"/>
  <testcase classname="com.att.testcases.CreateNewTasksTest" name="verifyCustomerAndTaskCreateAndDelete" time="3.152"/>
  <testcase classname="com.att.testcases.CreateNewTasksTest" name="verifyDefaultRadioButtonSelection" time="0.063"/>
  <testcase classname="com.att.testcases.CreateNewTasksTest" name="verifyRowLinkText" time="0.255"/>
  <testcase classname="com.att.testcases.CreateNewTasksTest" name="verifySelectCustomerName" time="0.145"/>
  <testcase classname="com.att.testcases.CreateNewTasksTest" name="verify_Billable_Task_Using_All_Customer_And_All_Project" time="2.443"/>
  <testcase classname="com.att.testcases.CreateNewTasksTest" name="verify_Billable_Task_Using_New_Customer_And_New_Project" time="4.074"/>
  <testcase classname="com.att.testcases.CreateNewTasksTest" name="verify_Create_Billable_task_using_Existing_Customer" time="2.426"/>
  <testcase classname="com.att.testcases.CreateNewTasksTest" name="verify_Create_Non_billable_task_using_Existing_Customer" time="3.032"/>
  <testcase classname="com.att.testcases.CreateNewTasksTest" name="verify_Non_Billable_Task_Using_All_Customer_And_All_Project" time="3.491"/>
  <testcase classname="com.att.testcases.CreateNewTasksTest" name="verify_Non_Billable_Task_Using_New_Customer_And_New_Project" time="4.652"/>
  <testcase classname="com.att.testcases.CreateNewTasksTest" name="verify_Task_Create_By_Nothing" time="0.548"/>
  <testcase classname="com.att.testcases.CreateNewTasksTest" name="verify_Task_Create_With_Customer_and_Without_Project" time="11.996"/>
  <testcase classname="com.att.testcases.CreateNewTasksTest" name="verify_Task_Create_With_NewCustomer_and_Without_Project" time="11.999"/>
  <testcase classname="com.att.testcases.CreateNewTasksTest" name="verify_Task_Create_Without_Customer_and_Project" time="11.841"/>
  <testcase classname="com.att.testcases.CreateNewTasksTest" name="verify_Task_Create_Without_Customer_and_With_NewProject" time="12.023"/>
  <testcase classname="com.att.testcases.CreateNewTasksTest" name="verify_Two_Records_Creation_Billable_Task_Using_New_Customer_And_New_Project" time="8.235"/>
</testsuite> <!-- Default test -->
