<?xml version="1.0" encoding="UTF-8"?>
<!-- Generated by org.testng.reporters.JUnitXMLReporter -->
<testsuite ignored="43" hostname="DESKTOP-7BM582H" failures="8" tests="8" name="Guru 99 Smoke Test Demo" time="0.098" errors="0" timestamp="16 Oct 2018 23:32:09 GMT">
  <testcase classname="com.att.testcases.HomeTest" name="verifyReportTab" time="0.008">
    <failure type="java.lang.NullPointerException">
      <![CDATA[java.lang.NullPointerException
at com.att.testcases.HomeTest.verifyReportTab(HomeTest.java:46)
... Removed 25 stack frames]]>
    </failure>
  </testcase> <!-- verifyReportTab -->
  <testcase classname="com.att.testcases.HomeTest" name="verifyTaskTabClick" time="0.005">
    <failure type="java.lang.NullPointerException">
      <![CDATA[java.lang.NullPointerException
at com.att.testcases.HomeTest.verifyTaskTabClick(HomeTest.java:51)
... Removed 25 stack frames]]>
    </failure>
  </testcase> <!-- verifyTaskTabClick -->
  <testcase classname="com.att.testcases.CreateNewTasksTest" name="verify_Two_Records_Creation_Billable_Task_Using_New_Customer_And_New_Project" time="0.002">
    <failure type="java.lang.NullPointerException">
      <![CDATA[java.lang.NullPointerException
at com.att.testcases.CreateNewTasksTest.verify_Two_Records_Creation_Billable_Task_Using_New_Customer_And_New_Project(CreateNewTasksTest.java:66)
... Removed 25 stack frames]]>
    </failure>
  </testcase> <!-- verify_Two_Records_Creation_Billable_Task_Using_New_Customer_And_New_Project -->
  <testcase classname="com.att.testcases.CreateNewCustomerTest" name="validateCreateNewCustomer" time="0.009">
    <failure type="java.lang.NullPointerException">
      <![CDATA[java.lang.NullPointerException
at com.att.testcases.CreateNewCustomerTest.validateCreateNewCustomer(CreateNewCustomerTest.java:50)
... Removed 25 stack frames]]>
    </failure>
  </testcase> <!-- validateCreateNewCustomer -->
  <testcase classname="com.att.testcases.BillingSummaryReportExampleTest" name="validateBillingSummaryReportHeading" time="0.002">
    <failure type="java.lang.NullPointerException">
      <![CDATA[java.lang.NullPointerException
at com.att.testcases.BillingSummaryReportExampleTest.validateBillingSummaryReportHeading(BillingSummaryReportExampleTest.java:46)
... Removed 25 stack frames]]>
    </failure>
  </testcase> <!-- validateBillingSummaryReportHeading -->
  <testcase classname="com.att.testcases.LoginTest" name="AttLoginTest" time="0.005">
    <failure type="java.lang.NullPointerException">
      <![CDATA[java.lang.NullPointerException
at com.att.testcases.LoginTest.AttLoginTest(LoginTest.java:46)
... Removed 25 stack frames]]>
    </failure>
  </testcase> <!-- AttLoginTest -->
  <testcase classname="com.att.testcases.CreateNewProjectTest" name="validateCreateNewProject" time="0.003">
    <failure type="java.lang.NullPointerException">
      <![CDATA[java.lang.NullPointerException
at com.att.testcases.CreateNewProjectTest.validateCreateNewProject(CreateNewProjectTest.java:49)
... Removed 25 stack frames]]>
    </failure>
  </testcase> <!-- validateCreateNewProject -->
  <testcase classname="com.att.testcases.ChooseReportToCreateTest" name="verifyChooseReportWindowTitle" time="0.003">
    <failure type="java.lang.NullPointerException">
      <![CDATA[java.lang.NullPointerException
at com.att.testcases.ChooseReportToCreateTest.verifyChooseReportWindowTitle(ChooseReportToCreateTest.java:42)
... Removed 25 stack frames]]>
    </failure>
  </testcase> <!-- verifyChooseReportWindowTitle -->
  <testcase classname="com.att.testcases.CreateNewCustomerTest" name="validateCreateNewCustomerPageName" time="0.0">
    <ignored/>
  </testcase> <!-- validateCreateNewCustomerPageName -->
  <testcase classname="com.att.testcases.TasksTest" name="verifyCreateNewTaskBtnClick" time="0.0">
    <ignored/>
  </testcase> <!-- verifyCreateNewTaskBtnClick -->
  <testcase classname="com.att.testcases.LoginTest" name="AttKeepLoginTest" time="0.0">
    <ignored/>
  </testcase> <!-- AttKeepLoginTest -->
  <testcase classname="com.att.testcases.ChooseReportToCreateTest" name="verifyEstimatedVSActualTimeExampleLinkWindows" time="0.0">
    <ignored/>
  </testcase> <!-- verifyEstimatedVSActualTimeExampleLinkWindows -->
  <testcase classname="com.att.testcases.ChooseReportToCreateTest" name="verifyProfitLossExampleLinkWindows" time="0.0">
    <ignored/>
  </testcase> <!-- verifyProfitLossExampleLinkWindows -->
  <testcase classname="com.att.testcases.CreateNewTasksTest" name="verify_Task_Create_By_Nothing" time="0.0">
    <ignored/>
  </testcase> <!-- verify_Task_Create_By_Nothing -->
  <testcase classname="com.att.testcases.ChooseReportToCreateTest" name="verifyLeaveTimeExampleLinkWindows" time="0.0">
    <ignored/>
  </testcase> <!-- verifyLeaveTimeExampleLinkWindows -->
  <testcase classname="com.att.testcases.HomeTest" name="verifySelectSettingsLeaveTypesMenu" time="0.0">
    <ignored/>
  </testcase> <!-- verifySelectSettingsLeaveTypesMenu -->
  <testcase classname="com.att.testcases.BillingSummaryReportExampleTest" name="validateSwitchToSectionListItemsAndHeading" time="0.0">
    <ignored/>
  </testcase> <!-- validateSwitchToSectionListItemsAndHeading -->
  <testcase classname="com.att.testcases.HomeTest" name="verifyProfileName" time="0.0">
    <ignored/>
  </testcase> <!-- verifyProfileName -->
  <testcase classname="com.att.testcases.CreateNewTasksTest" name="verifySelectCustomerName" time="0.0">
    <ignored/>
  </testcase> <!-- verifySelectCustomerName -->
  <testcase classname="com.att.testcases.CreateNewTasksTest" name="verifyCustomerAndTaskCreateAndDelete" time="0.0">
    <ignored/>
  </testcase> <!-- verifyCustomerAndTaskCreateAndDelete -->
  <testcase classname="com.att.testcases.ReportsTest" name="verifyClickOnCreateReportBtn" time="0.0">
    <ignored/>
  </testcase> <!-- verifyClickOnCreateReportBtn -->
  <testcase classname="com.att.testcases.CreateNewCustomerTest" name="validateCreateCustomer" time="0.0">
    <ignored/>
  </testcase> <!-- validateCreateCustomer -->
  <testcase classname="com.att.testcases.CreateNewProjectTest" name="validateCreateNewProjectPageName" time="0.0">
    <ignored/>
  </testcase> <!-- validateCreateNewProjectPageName -->
  <testcase classname="com.att.testcases.HomeTest" name="verifySelectSettingsBillingTypesMenu" time="0.0">
    <ignored/>
  </testcase> <!-- verifySelectSettingsBillingTypesMenu -->
  <testcase classname="com.att.testcases.LeaveTypeTest" name="verifyLeaveTypePageName" time="0.0">
    <ignored/>
  </testcase> <!-- verifyLeaveTypePageName -->
  <testcase classname="com.att.testcases.TasksTest" name="validateProjectAndCustomerTabClick" time="0.0">
    <ignored/>
  </testcase> <!-- validateProjectAndCustomerTabClick -->
  <testcase classname="com.att.testcases.CreateNewTasksTest" name="verify_Billable_Task_Using_All_Customer_And_All_Project" time="0.0">
    <ignored/>
  </testcase> <!-- verify_Billable_Task_Using_All_Customer_And_All_Project -->
  <testcase classname="com.att.testcases.TasksTest" name="verifyTaskPage" time="0.0">
    <ignored/>
  </testcase> <!-- verifyTaskPage -->
  <testcase classname="com.att.testcases.CreateNewTasksTest" name="verify_Non_Billable_Task_Using_All_Customer_And_All_Project" time="0.0">
    <ignored/>
  </testcase> <!-- verify_Non_Billable_Task_Using_All_Customer_And_All_Project -->
  <testcase classname="com.att.testcases.CreateNewTasksTest" name="validateDefaultRadioButtonSelection" time="0.0">
    <ignored/>
  </testcase> <!-- validateDefaultRadioButtonSelection -->
  <testcase classname="com.att.testcases.CreateNewCustomerTest" name="validateDeleteCustomer" time="0.0">
    <ignored/>
  </testcase> <!-- validateDeleteCustomer -->
  <testcase classname="com.att.testcases.BillingTypeTest" name="verifyBillingTypePageName" time="0.0">
    <ignored/>
  </testcase> <!-- verifyBillingTypePageName -->
  <testcase classname="com.att.testcases.LoginTest" name="AttImgeLogoTest" time="0.0">
    <ignored/>
  </testcase> <!-- AttImgeLogoTest -->
  <testcase classname="com.att.testcases.CreateNewTasksTest" name="verifyCreateNewTasksPageName" time="0.0">
    <ignored/>
  </testcase> <!-- verifyCreateNewTasksPageName -->
  <testcase classname="com.att.testcases.ProjectAndCustomerTest" name="verifyCreateCustomerBtnClick" time="0.0">
    <ignored/>
  </testcase> <!-- verifyCreateCustomerBtnClick -->
  <testcase classname="com.att.testcases.ChooseReportToCreateTest" name="verifyOvertimeExampleLinkWindows" time="0.0">
    <ignored/>
  </testcase> <!-- verifyOvertimeExampleLinkWindows -->
  <testcase classname="com.att.testcases.ProjectAndCustomerTest" name="verifyCreateProjectBtnClick" time="0.0">
    <ignored/>
  </testcase> <!-- verifyCreateProjectBtnClick -->
  <testcase classname="com.att.testcases.LicensesTest" name="verifyLicensesPageName" time="0.0">
    <ignored/>
  </testcase> <!-- verifyLicensesPageName -->
  <testcase classname="com.att.testcases.ChooseReportToCreateTest" name="verifyInvoiceExportExampleLinkWindows" time="0.0">
    <ignored/>
  </testcase> <!-- verifyInvoiceExportExampleLinkWindows -->
  <testcase classname="com.att.testcases.ChooseReportToCreateTest" name="verifyTimeTrackInDetailExampleLinkWindows" time="0.0">
    <ignored/>
  </testcase> <!-- verifyTimeTrackInDetailExampleLinkWindows -->
  <testcase classname="com.att.testcases.HomeTest" name="verifySelectSettingsLicensesMenu" time="0.0">
    <ignored/>
  </testcase> <!-- verifySelectSettingsLicensesMenu -->
  <testcase classname="com.att.testcases.HomeTest" name="verifySelectSettingsLogoAndColorSchemeMenu" time="0.0">
    <ignored/>
  </testcase> <!-- verifySelectSettingsLogoAndColorSchemeMenu -->
  <testcase classname="com.att.testcases.CreateNewTasksTest" name="verify_Billable_Task_Using_New_Customer_And_New_Project" time="0.0">
    <ignored/>
  </testcase> <!-- verify_Billable_Task_Using_New_Customer_And_New_Project -->
  <testcase classname="com.att.testcases.CreateNewTasksTest" name="verify_Non_Billable_Task_Using_New_Customer_And_New_Project" time="0.0">
    <ignored/>
  </testcase> <!-- verify_Non_Billable_Task_Using_New_Customer_And_New_Project -->
  <testcase classname="com.att.testcases.CreateNewTasksTest" name="verify_Create_Non_billable_task_using_Existing_Customer" time="0.0">
    <ignored/>
  </testcase> <!-- verify_Create_Non_billable_task_using_Existing_Customer -->
  <testcase classname="com.att.testcases.ChooseReportToCreateTest" name="verifyCostOfWorkExampleLinkWindows" time="0.0">
    <ignored/>
  </testcase> <!-- verifyCostOfWorkExampleLinkWindows -->
  <testcase classname="com.att.testcases.CreateNewTasksTest" name="verify_Create_Billable_task_using_Existing_Customer" time="0.0">
    <ignored/>
  </testcase> <!-- verify_Create_Billable_task_using_Existing_Customer -->
  <testcase classname="com.att.testcases.ChooseReportToCreateTest" name="verifyBillingSummaryExampleLinkWindows" time="0.0">
    <ignored/>
  </testcase> <!-- verifyBillingSummaryExampleLinkWindows -->
  <testcase classname="com.att.testcases.ProjectAndCustomerTest" name="verifyProjectAndCustomerPageName" time="0.0">
    <ignored/>
  </testcase> <!-- verifyProjectAndCustomerPageName -->
  <testcase classname="com.att.testcases.LoginTest" name="AttLicLinkTest" time="0.0">
    <ignored/>
  </testcase> <!-- AttLicLinkTest -->
  <testcase classname="com.att.testcases.ChooseReportToCreateTest" name="verifyStaffPerformanceExampleLinkWindows" time="0.0">
    <ignored/>
  </testcase> <!-- verifyStaffPerformanceExampleLinkWindows -->
</testsuite> <!-- Guru 99 Smoke Test Demo -->
