<?xml version="1.0" encoding="UTF-8"?>
<!-- Generated by org.testng.reporters.JUnitXMLReporter -->
<testsuite ignored="4" hostname="DESKTOP-7BM582H" failures="0" tests="0" time="0.008" errors="0" timestamp="17 Oct 2018 00:19:36 GMT">
  <testcase classname="com.att.testcases.LoginTest" name="AttImgeLogoTest" time="0.0">
    <ignored/>
  </testcase> <!-- AttImgeLogoTest -->
  <testcase classname="com.att.testcases.LoginTest" name="AttKeepLoginTest" time="0.0">
    <ignored/>
  </testcase> <!-- AttKeepLoginTest -->
  <testcase classname="com.att.testcases.LoginTest" name="AttLicLinkTest" time="0.0">
    <ignored/>
  </testcase> <!-- AttLicLinkTest -->
  <testcase classname="com.att.testcases.LoginTest" name="AttLoginTest" time="0.0">
    <ignored/>
  </testcase> <!-- AttLoginTest -->
</testsuite>
